chr19	1218384	CGG:-31
chr19	1218387	CTG:-28
chr19	1218390	ATA:-25
chr19	1218392	ACA:-23
chr19	1218394	ACC:-21
chr19	1218398	CTG:-17
chr19	1218407	CTG:-8
chr19	1218413	CAG:-2
chr19	1218414	AGG:-1
chr19	1218415	GGG:1
chr19	1218418	AAA:4
chr19	1218419	AAT:5
chr19	1218420	ATT:6
chr19	1218424	AAC:10
chr19	1218425	ACT:11
chr19	1218428	ACT:14
chr19	1218429	CTG:15
chr19	1218431	GAG:17
chr19	1218432	AGG:18
chr19	1218434	GAG:20
chr19	1218435	AGG:21
chr19	1218440	ACG:26
chr19	1218441	CGG:27
chr19	1219296	CTG:-26
chr19	1219298	GAG:-24
chr19	1219299	AGC:-23
chr19	1219301	CTG:-21
chr19	1219303	GTG:-19
chr19	1219305	GTG:-17
chr19	1219312	TAG:-10
chr19	1219313	AGC:-9
chr19	1219314	GCG:-8
chr19	1219321	ACG:-1
chr19	1219325	ATA:4
chr19	1219327	ATG:6
chr19	1219328	TGG:7
chr19	1219330	GTG:9
chr19	1219333	ATG:12
chr19	1219334	TGG:13
chr19	1219336	GAG:15
chr19	1219337	AGT:16
chr19	1219340	ACT:19
chr19	1219341	CTG:20
chr19	1219343	GCG:22
chr19	1219345	GTG:24
chr19	1219347	GTG:26
chr19	1219349	GTG:28
chr19	1219350	TGG:29
chr19	1220340	TCG:-31
chr19	1220341	CGG:-30
chr19	1220347	CAG:-24
chr19	1220348	AGG:-23
chr19	1220351	ACG:-20
chr19	1220352	CGG:-19
chr19	1220353	GGG:-18
chr19	1220355	GTG:-16
chr19	1220357	GTG:-14
chr19	1220359	GTG:-12
chr19	1220362	CTG:-9
chr19	1220366	CCG:-5
chr19	1220369	CAG:-2
chr19	1220370	AGG:-1
chr19	1220374	ACT:4
chr19	1220378	CTG:8
chr19	1220382	CAG:12
chr19	1220383	AGC:13
chr19	1220385	CTG:15
chr19	1220388	ATT:18
chr19	1220389	TTG:19
chr19	1220392	ACG:22
chr19	1220393	CGG:23
chr19	1220397	CTG:27
chr19	1220398	TGG:28
chr19	1220549	ACT:-30
chr19	1220554	CTG:-25
chr19	1220556	GAG:-23
chr19	1220557	AGG:-22
chr19	1220558	GGG:-21
chr19	1220561	CTG:-18
chr19	1220565	ACG:-14
chr19	1220566	CGG:-13
chr19	1220570	ACC:-9
chr19	1220571	CCG:-8
chr19	1220576	ACA:-3
chr19	1220577	CAG:-2
chr19	1220578	AGG:-1
chr19	1220582	ACT:4
chr19	1220583	CTG:5
chr19	1220587	ACC:9
chr19	1220589	CCG:11
chr19	1220593	TCG:15
chr19	1220595	GCG:17
chr19	1220596	CGG:18
chr19	1220598	GCG:20
chr19	1220599	CGG:21
chr19	1220602	ACG:24
chr19	1220605	ACA:27
chr19	1220607	ACC:29
chr19	1221182	ACG:-29
chr19	1221201	TCG:-10
chr19	1221204	AAA:-7
chr19	1221205	AAT:-6
chr19	1221206	ATG:-5
chr19	1221209	AAG:-2
chr19	1221210	AGC:-1
chr19	1221214	ACA:4
chr19	1221216	AAC:6
chr19	1221217	ACA:7
chr19	1221219	ATC:9
chr19	1221222	ACC:12
chr19	1221225	ACG:15
chr19	1221226	CGG:16
chr19	1221227	GGG:17
chr19	1221231	CTG:21
chr19	1221235	ACC:25
chr19	1221916	AGC:-31
chr19	1221918	CTG:-29
chr19	1221921	ACA:-26
chr19	1221922	CAG:-25
chr19	1221923	AGG:-24
chr19	1221930	TCG:-17
chr19	1221933	CCG:-14
chr19	1221934	CGG:-13
chr19	1221945	CAG:-2
chr19	1221946	AGG:-1
chr19	1221947	GGG:1
chr19	1221950	ATG:4
chr19	1221954	TTG:8
chr19	1221956	GAG:10
chr19	1221957	AGT:11
chr19	1221960	ACG:14
chr19	1221963	AAC:17
chr19	1221964	ACC:18
chr19	1221965	CCG:19
chr19	1221966	CGG:20
chr19	1221971	AAG:25
chr19	1221972	AGA:26
chr19	1221973	GAG:27
chr19	1221974	AGG:28
chr19	1222954	ACA:-29
chr19	1222955	CAG:-28
chr19	1222956	AGG:-27
chr19	1222958	GCG:-25
chr19	1222963	ACT:-20
chr19	1222964	CTG:-19
chr19	1222970	CTG:-13
chr19	1222971	TGG:-12
chr19	1222972	GGG:-11
chr19	1222974	GCG:-9
chr19	1222978	TTG:-5
chr19	1222981	CAG:-2
chr19	1222982	AGC:-1
chr19	1222984	CTG:2
chr19	1222985	TGG:3
chr19	1222990	CCG:8
chr19	1222991	CGG:9
chr19	1222994	AAG:12
chr19	1222995	AGA:13
chr19	1222997	AAA:15
chr19	1222998	AAC:16
chr19	1222999	ACA:17
chr19	1223001	ATC:19
chr19	1223006	CCG:24
chr19	1223007	CGG:25
chr19	1223010	CTG:28
chr19	1226421	AGC:-31
chr19	1226425	CAG:-27
chr19	1226426	AGG:-26
chr19	1226431	ACA:-21
chr19	1226433	ACT:-19
chr19	1226435	TTG:-17
chr19	1226438	CCG:-14
chr19	1226450	CAG:-2
chr19	1226451	AGG:-1
chr19	1226454	ACA:3
chr19	1226455	CAG:4
chr19	1226456	AGG:5
chr19	1226462	CAG:11
chr19	1226463	AGA:12
chr19	1226465	AAG:14
chr19	1226466	AGA:15
chr19	1226467	GAG:16
chr19	1226468	AGG:17
chr19	1226470	GAG:19
chr19	1226471	AGG:20
chr19	1226475	CAG:24
chr19	1226476	AGT:25
chr19	1226480	ACA:29
