chr19	1218384	CGG
chr19	1218387	CTG
chr19	1218390	ATA
chr19	1218392	ACA
chr19	1218394	ACC
chr19	1218398	CTG
chr19	1218407	CTG
chr19	1218413	CAG
chr19	1218418	AAA
chr19	1218419	AAT
chr19	1218420	ATT
chr19	1218424	AAC
chr19	1218425	ACT
chr19	1218428	ACT
chr19	1218429	CTG
chr19	1218431	GAG
chr19	1218432	AGG
chr19	1218434	GAG
chr19	1218435	AGG
chr19	1218440	ACG
chr19	1218441	CGG
chr19	1219296	CTG
chr19	1219298	GAG
chr19	1219299	AGC
chr19	1219301	CTG
chr19	1219303	GTG
chr19	1219305	GTG
chr19	1219312	TAG
chr19	1219313	AGC
chr19	1219314	GCG
chr19	1219325	ATA
chr19	1219327	ATG
chr19	1219328	TGG
chr19	1219330	GTG
chr19	1219333	ATG
chr19	1219334	TGG
chr19	1219336	GAG
chr19	1219337	AGT
chr19	1219340	ACT
chr19	1219341	CTG
chr19	1219343	GCG
chr19	1219345	GTG
chr19	1219347	GTG
chr19	1219349	GTG
chr19	1219350	TGG
chr19	1220340	TCG
chr19	1220341	CGG
chr19	1220347	CAG
chr19	1220348	AGG
chr19	1220351	ACG
chr19	1220352	CGG
chr19	1220353	GGG
chr19	1220355	GTG
chr19	1220357	GTG
chr19	1220359	GTG
chr19	1220362	CTG
chr19	1220366	CCG
chr19	1220369	CAG
chr19	1220374	ACT
chr19	1220378	CTG
chr19	1220382	CAG
chr19	1220383	AGC
chr19	1220385	CTG
chr19	1220388	ATT
chr19	1220389	TTG
chr19	1220392	ACG
chr19	1220393	CGG
chr19	1220397	CTG
chr19	1220398	TGG
chr19	1220549	ACT
chr19	1220554	CTG
chr19	1220556	GAG
chr19	1220557	AGG
chr19	1220558	GGG
chr19	1220561	CTG
chr19	1220565	ACG
chr19	1220566	CGG
chr19	1220570	ACC
chr19	1220571	CCG
chr19	1220576	ACA
chr19	1220577	CAG
chr19	1220582	ACT
chr19	1220583	CTG
chr19	1220587	ACC
chr19	1220589	CCG
chr19	1220593	TCG
chr19	1220595	GCG
chr19	1220596	CGG
chr19	1220598	GCG
chr19	1220599	CGG
chr19	1220602	ACG
chr19	1220605	ACA
chr19	1220607	ACC
chr19	1221182	ACG
chr19	1221201	TCG
chr19	1221204	AAA
chr19	1221205	AAT
chr19	1221206	ATG
chr19	1221209	AAG
chr19	1221214	ACA
chr19	1221216	AAC
chr19	1221217	ACA
chr19	1221219	ATC
chr19	1221222	ACC
chr19	1221225	ACG
chr19	1221226	CGG
chr19	1221227	GGG
chr19	1221231	CTG
chr19	1221235	ACC
chr19	1221916	AGC
chr19	1221918	CTG
chr19	1221921	ACA
chr19	1221922	CAG
chr19	1221923	AGG
chr19	1221930	TCG
chr19	1221933	CCG
chr19	1221934	CGG
chr19	1221945	CAG
chr19	1221950	ATG
chr19	1221954	TTG
chr19	1221956	GAG
chr19	1221957	AGT
chr19	1221960	ACG
chr19	1221963	AAC
chr19	1221964	ACC
chr19	1221965	CCG
chr19	1221966	CGG
chr19	1221971	AAG
chr19	1221972	AGA
chr19	1221973	GAG
chr19	1221974	AGG
chr19	1222954	ACA
chr19	1222955	CAG
chr19	1222956	AGG
chr19	1222958	GCG
chr19	1222963	ACT
chr19	1222964	CTG
chr19	1222970	CTG
chr19	1222971	TGG
chr19	1222972	GGG
chr19	1222974	GCG
chr19	1222978	TTG
chr19	1222981	CAG
chr19	1222984	CTG
chr19	1222985	TGG
chr19	1222990	CCG
chr19	1222991	CGG
chr19	1222994	AAG
chr19	1222995	AGA
chr19	1222997	AAA
chr19	1222998	AAC
chr19	1222999	ACA
chr19	1223001	ATC
chr19	1223006	CCG
chr19	1223007	CGG
chr19	1223010	CTG
chr19	1226421	AGC
chr19	1226425	CAG
chr19	1226426	AGG
chr19	1226431	ACA
chr19	1226433	ACT
chr19	1226435	TTG
chr19	1226438	CCG
chr19	1226450	CAG
chr19	1226454	ACA
chr19	1226455	CAG
chr19	1226456	AGG
chr19	1226462	CAG
chr19	1226463	AGA
chr19	1226465	AAG
chr19	1226466	AGA
chr19	1226467	GAG
chr19	1226468	AGG
chr19	1226470	GAG
chr19	1226471	AGG
chr19	1226475	CAG
chr19	1226476	AGT
chr19	1226480	ACA
